  [1m[36m (369.4ms)[0m  [1mCREATE DATABASE "minitest-given-rails-example_development" ENCODING = 'unicode'[0m
  [1m[35m (26.5ms)[0m  CREATE TABLE "schema_migrations" ("version" character varying NOT NULL) 
  [1m[36m (1.3ms)[0m  [1mCREATE UNIQUE INDEX  "unique_schema_migrations" ON "schema_migrations"  ("version")[0m
  [1m[35mActiveRecord::SchemaMigration Load (0.4ms)[0m  SELECT "schema_migrations".* FROM "schema_migrations"
Migrating to CreateArtists (20151207231638)
  [1m[36m (0.1ms)[0m  [1mBEGIN[0m
  [1m[35m (21.1ms)[0m  CREATE TABLE "artists" ("id" serial primary key, "name" character varying NOT NULL, "bio" character varying, "created_at" timestamp NOT NULL, "updated_at" timestamp NOT NULL) 
  [1m[36mSQL (0.3ms)[0m  [1mINSERT INTO "schema_migrations" ("version") VALUES ($1)[0m  [["version", "20151207231638"]]
  [1m[35m (6.1ms)[0m  COMMIT
Migrating to CreateSongs (20151207233558)
  [1m[36m (5.5ms)[0m  [1mBEGIN[0m
  [1m[35m (13.1ms)[0m  CREATE TABLE "songs" ("id" serial primary key, "artist_id" integer NOT NULL, "title" character varying, "created_at" timestamp NOT NULL, "updated_at" timestamp NOT NULL) 
  [1m[36m (0.8ms)[0m  [1mCREATE  INDEX  "index_songs_on_artist_id" ON "songs"  ("artist_id")[0m
  [1m[35mSQL (0.7ms)[0m  INSERT INTO "schema_migrations" ("version") VALUES ($1)  [["version", "20151207233558"]]
  [1m[36m (0.5ms)[0m  [1mCOMMIT[0m
  [1m[35mActiveRecord::SchemaMigration Load (0.2ms)[0m  SELECT "schema_migrations".* FROM "schema_migrations"
  [1m[36m (2.3ms)[0m  [1mSELECT t2.oid::regclass::text AS to_table, a1.attname AS column, a2.attname AS primary_key, c.conname AS name, c.confupdtype AS on_update, c.confdeltype AS on_delete
FROM pg_constraint c
JOIN pg_class t1 ON c.conrelid = t1.oid
JOIN pg_class t2 ON c.confrelid = t2.oid
JOIN pg_attribute a1 ON a1.attnum = c.conkey[1] AND a1.attrelid = t1.oid
JOIN pg_attribute a2 ON a2.attnum = c.confkey[1] AND a2.attrelid = t2.oid
JOIN pg_namespace t3 ON c.connamespace = t3.oid
WHERE c.contype = 'f'
  AND t1.relname = 'artists'
  AND t3.nspname = ANY (current_schemas(false))
ORDER BY c.conname
[0m
  [1m[35m (1.5ms)[0m  SELECT t2.oid::regclass::text AS to_table, a1.attname AS column, a2.attname AS primary_key, c.conname AS name, c.confupdtype AS on_update, c.confdeltype AS on_delete
FROM pg_constraint c
JOIN pg_class t1 ON c.conrelid = t1.oid
JOIN pg_class t2 ON c.confrelid = t2.oid
JOIN pg_attribute a1 ON a1.attnum = c.conkey[1] AND a1.attrelid = t1.oid
JOIN pg_attribute a2 ON a2.attnum = c.confkey[1] AND a2.attrelid = t2.oid
JOIN pg_namespace t3 ON c.connamespace = t3.oid
WHERE c.contype = 'f'
  AND t1.relname = 'songs'
  AND t3.nspname = ANY (current_schemas(false))
ORDER BY c.conname

  [1m[36m (0.2ms)[0m  [1mDROP DATABASE IF EXISTS "minitest-given-rails-example_test"[0m
  [1m[35m (246.0ms)[0m  CREATE DATABASE "minitest-given-rails-example_test" ENCODING = 'unicode'
  [1m[36mSQL (0.9ms)[0m  [1mCREATE EXTENSION IF NOT EXISTS "plpgsql"[0m
  [1m[35m (4.9ms)[0m  CREATE TABLE "artists" ("id" serial primary key, "name" character varying NOT NULL, "bio" character varying, "created_at" timestamp NOT NULL, "updated_at" timestamp NOT NULL) 
  [1m[36m (3.4ms)[0m  [1mCREATE TABLE "songs" ("id" serial primary key, "artist_id" integer NOT NULL, "title" character varying, "created_at" timestamp NOT NULL, "updated_at" timestamp NOT NULL) [0m
  [1m[35m (1.0ms)[0m  CREATE  INDEX  "index_songs_on_artist_id" ON "songs" USING btree ("artist_id")
  [1m[36m (1.5ms)[0m  [1mCREATE TABLE "schema_migrations" ("version" character varying NOT NULL) [0m
  [1m[35m (1.1ms)[0m  CREATE UNIQUE INDEX  "unique_schema_migrations" ON "schema_migrations"  ("version")
  [1m[36m (0.2ms)[0m  [1mSELECT version FROM "schema_migrations"[0m
  [1m[35m (0.5ms)[0m  INSERT INTO "schema_migrations" (version) VALUES ('20151207233558')
  [1m[36m (0.4ms)[0m  [1mINSERT INTO "schema_migrations" (version) VALUES ('20151207231638')[0m
